[debug] [2022-05-19T21:07:56.770Z] ----------------------------------------------------------------------
[debug] [2022-05-19T21:07:56.773Z] Command:       C:\Program Files\nodejs\node.exe C:\Users\Asus\AppData\Roaming\npm\node_modules\firebase-tools\lib\bin\firebase.js emulators:start
[debug] [2022-05-19T21:07:56.773Z] CLI Version:   11.0.0
[debug] [2022-05-19T21:07:56.774Z] Platform:      win32
[debug] [2022-05-19T21:07:56.774Z] Node Version:  v16.14.1
[debug] [2022-05-19T21:07:56.787Z] Time:          Fri May 20 2022 03:07:56 GMT+0600 (Bangladesh Standard Time)
[debug] [2022-05-19T21:07:56.787Z] ----------------------------------------------------------------------
[debug] 
[debug] [2022-05-19T21:07:56.903Z] > command requires scopes: ["email","openid","https://www.googleapis.com/auth/cloudplatformprojects.readonly","https://www.googleapis.com/auth/firebase","https://www.googleapis.com/auth/cloud-platform"]
[debug] [2022-05-19T21:07:56.904Z] > authorizing via signed-in user (jahidaladin@gmail.com)
[info] i  emulators: Starting emulators: functions, hosting {"metadata":{"emulator":{"name":"hub"},"message":"Starting emulators: functions, hosting"}}
[debug] [2022-05-19T21:07:57.054Z] [hub] writing locator at C:\Users\Asus\AppData\Local\Temp\hub-clone-f1832.json
[warn] !  functions: The following emulators are not running, calls to these services from the Functions emulator will affect production: auth, firestore, database, pubsub, storage {"metadata":{"emulator":{"name":"functions"},"message":"The following emulators are not running, calls to these services from the Functions emulator will affect production: \u001b[1mauth, firestore, database, pubsub, storage\u001b[22m"}}
[info] +  functions: Using node@16 from host. {"metadata":{"emulator":{"name":"functions"},"message":"Using node@16 from host."}}
[debug] [2022-05-19T21:07:57.207Z] defaultcredentials: writing to file C:\Users\Asus\AppData\Roaming\firebase\jahidaladin_gmail_com_application_default_credentials.json
[debug] [2022-05-19T21:07:57.215Z] Setting GAC to C:\Users\Asus\AppData\Roaming\firebase\jahidaladin_gmail_com_application_default_credentials.json {"metadata":{"emulator":{"name":"functions"},"message":"Setting GAC to C:\\Users\\Asus\\AppData\\Roaming\\firebase\\jahidaladin_gmail_com_application_default_credentials.json"}}
[debug] [2022-05-19T21:07:57.220Z] > refreshing access token with scopes: []
[debug] [2022-05-19T21:07:57.221Z] >>> HTTP REQUEST POST https://www.googleapis.com/oauth2/v3/token  
 <request body omitted>
[debug] [2022-05-19T21:07:57.537Z] <<< HTTP RESPONSE 200 {"date":"Thu, 19 May 2022 21:07:57 GMT","expires":"Mon, 01 Jan 1990 00:00:00 GMT","pragma":"no-cache","cache-control":"no-cache, no-store, max-age=0, must-revalidate","content-type":"application/json; charset=utf-8","vary":"X-Origin, Referer, Origin,Accept-Encoding","server":"scaffolding on HTTPServer2","x-xss-protection":"0","x-frame-options":"SAMEORIGIN","x-content-type-options":"nosniff","alt-svc":"h3=\":443\"; ma=2592000,h3-29=\":443\"; ma=2592000,h3-Q050=\":443\"; ma=2592000,h3-Q046=\":443\"; ma=2592000,h3-Q043=\":443\"; ma=2592000,quic=\":443\"; ma=2592000; v=\"46,43\"","accept-ranges":"none","transfer-encoding":"chunked"}
[debug] [2022-05-19T21:07:57.565Z] >>> [apiv2][query] GET https://firebase.googleapis.com/v1beta1/projects/clone-f1832/adminSdkConfig [none]
[debug] [2022-05-19T21:07:58.177Z] <<< [apiv2][status] GET https://firebase.googleapis.com/v1beta1/projects/clone-f1832/adminSdkConfig 200
[debug] [2022-05-19T21:07:58.178Z] <<< [apiv2][body] GET https://firebase.googleapis.com/v1beta1/projects/clone-f1832/adminSdkConfig {"projectId":"clone-f1832","databaseURL":"https://clone-f1832-default-rtdb.asia-southeast1.firebasedatabase.app","storageBucket":"clone-f1832.appspot.com"}
[debug] [2022-05-19T21:07:58.209Z] >>> [apiv2][query] GET https://firebasehosting.googleapis.com/v1beta1/projects/clone-f1832/sites 
[debug] [2022-05-19T21:08:00.980Z] <<< [apiv2][status] GET https://firebasehosting.googleapis.com/v1beta1/projects/clone-f1832/sites 200
[debug] [2022-05-19T21:08:00.981Z] <<< [apiv2][body] GET https://firebasehosting.googleapis.com/v1beta1/projects/clone-f1832/sites {"sites":[{"name":"projects/clone-f1832/sites/clone-f1832","defaultUrl":"https://clone-f1832.web.app","appId":"1:239046278022:web:0739b887961036b25f8a07","type":"DEFAULT_SITE"}]}
[debug] [2022-05-19T21:08:00.981Z] >>> [apiv2][query] GET https://firebase.googleapis.com/v1beta1/projects/clone-f1832/webApps/1:239046278022:web:0739b887961036b25f8a07/config [none]
[debug] [2022-05-19T21:08:02.521Z] <<< [apiv2][status] GET https://firebase.googleapis.com/v1beta1/projects/clone-f1832/webApps/1:239046278022:web:0739b887961036b25f8a07/config 200
[debug] [2022-05-19T21:08:02.522Z] <<< [apiv2][body] GET https://firebase.googleapis.com/v1beta1/projects/clone-f1832/webApps/1:239046278022:web:0739b887961036b25f8a07/config {"projectId":"clone-f1832","appId":"1:239046278022:web:0739b887961036b25f8a07","databaseURL":"https://clone-f1832-default-rtdb.asia-southeast1.firebasedatabase.app","storageBucket":"clone-f1832.appspot.com","apiKey":"AIzaSyDr9PPKrLSsL1bs5k-jHjUuCSyqwJD0uFA","authDomain":"clone-f1832.firebaseapp.com","messagingSenderId":"239046278022","measurementId":"G-NDDT2C9D6K"}
[info] i  hosting: Serving hosting files from: build {"metadata":{"emulator":{"name":"hosting"},"message":"Serving hosting files from: \u001b[1mbuild\u001b[22m"}}
[info] +  hosting: Local server: http://localhost:5000 {"metadata":{"emulator":{"name":"hosting"},"message":"Local server: \u001b[4m\u001b[1mhttp://localhost:5000\u001b[22m\u001b[24m"}}
[info] i  ui: downloading ui-v1.7.0.zip... {"metadata":{"emulator":{"name":"ui"},"message":"downloading ui-v1.7.0.zip..."}}
[debug] [2022-05-19T21:08:02.615Z] >>> [apiv2][query] GET https://storage.googleapis.com/firebase-preview-drop/emulator/ui-v1.7.0.zip 
[debug] [2022-05-19T21:08:02.848Z] <<< [apiv2][status] GET https://storage.googleapis.com/firebase-preview-drop/emulator/ui-v1.7.0.zip 200
[debug] [2022-05-19T21:08:02.848Z] <<< [apiv2][body] GET https://storage.googleapis.com/firebase-preview-drop/emulator/ui-v1.7.0.zip [stream]
[debug] [2022-05-19T21:08:10.246Z] Ignoring unsupported arg: auto_download {"metadata":{"emulator":{"name":"ui"},"message":"Ignoring unsupported arg: auto_download"}}
[debug] [2022-05-19T21:08:10.247Z] Ignoring unsupported arg: port {"metadata":{"emulator":{"name":"ui"},"message":"Ignoring unsupported arg: port"}}
[debug] [2022-05-19T21:08:10.247Z] Starting Emulator UI with command {"binary":"node","args":["--dns-result-order=ipv4first","C:\\Users\\Asus\\.cache\\firebase\\emulators\\ui-v1.7.0\\server.bundle.js"],"optionalArgs":[],"joinArgs":false} {"metadata":{"emulator":{"name":"ui"},"message":"Starting Emulator UI with command {\"binary\":\"node\",\"args\":[\"--dns-result-order=ipv4first\",\"C:\\\\Users\\\\Asus\\\\.cache\\\\firebase\\\\emulators\\\\ui-v1.7.0\\\\server.bundle.js\"],\"optionalArgs\":[],\"joinArgs\":false}"}}
[info] i  ui: Emulator UI logging to ui-debug.log {"metadata":{"emulator":{"name":"ui"},"message":"Emulator UI logging to \u001b[1mui-debug.log\u001b[22m"}}
[debug] [2022-05-19T21:08:10.541Z] Web / API server started at localhost:4000
 {"metadata":{"emulator":{"name":"ui"},"message":"Web / API server started at localhost:4000\n"}}
[info] i  functions: Watching "C:\Projects\React\amazone-clone\amazon-clone\functions" for Cloud Functions... {"metadata":{"emulator":{"name":"functions"},"message":"Watching \"C:\\Projects\\React\\amazone-clone\\amazon-clone\\functions\" for Cloud Functions..."}}
[debug] [2022-05-19T21:08:10.832Z] Validating nodejs source
[debug] [2022-05-19T21:08:16.605Z] > [functions] package.json contents: {
  "name": "functions",
  "description": "Cloud Functions for Firebase",
  "scripts": {
    "lint": "eslint .",
    "serve": "firebase emulators:start --only functions",
    "shell": "firebase functions:shell",
    "start": "npm run shell",
    "deploy": "firebase deploy --only functions",
    "logs": "firebase functions:log"
  },
  "engines": {
    "node": "16"
  },
  "main": "index.js",
  "dependencies": {
    "cors": "^2.8.5",
    "express": "^4.18.1",
    "firebase-admin": "^10.0.2",
    "firebase-functions": "^3.18.0",
    "stripe": "^9.1.0"
  },
  "devDependencies": {
    "eslint": "^8.9.0",
    "eslint-config-google": "^0.14.0",
    "firebase-functions-test": "^0.2.0"
  },
  "private": true
}
[debug] [2022-05-19T21:08:16.607Z] Building nodejs source
[debug] [2022-05-19T21:08:16.607Z] Analyzing nodejs backend spec
[debug] [2022-05-19T21:08:16.610Z] Could not find functions.yaml. Must use http discovery
[debug] [2022-05-19T21:08:17.640Z] Serving at port 9005

[debug] [2022-05-19T21:08:18.128Z] Got response from /__/functions.yaml {"endpoints":{"api":{"platform":"gcfv1","httpsTrigger":{},"entryPoint":"api"}},"specVersion":"v1alpha1","requiredAPIs":[]}
[debug] [2022-05-19T21:08:18.157Z] shutdown requested via /__/quitquitquit

[info] +  functions[us-central1-api]: http function initialized (http://localhost:5001/clone-f1832/us-central1/api). {"metadata":{"emulator":{"name":"functions"},"message":"\u001b[1mhttp\u001b[22m function initialized (http://localhost:5001/clone-f1832/us-central1/api)."}}
[info] 
┌─────────────────────────────────────────────────────────────┐
│ ✔  All emulators ready! It is now safe to connect your app. │
│ i  View Emulator UI at http://localhost:4000                │
└─────────────────────────────────────────────────────────────┘

┌───────────┬────────────────┬─────────────────────────────────┐
│ Emulator  │ Host:Port      │ View in Emulator UI             │
├───────────┼────────────────┼─────────────────────────────────┤
│ Functions │ localhost:5001 │ http://localhost:4000/functions │
├───────────┼────────────────┼─────────────────────────────────┤
│ Hosting   │ localhost:5000 │ n/a                             │
└───────────┴────────────────┴─────────────────────────────────┘
  Emulator Hub running at localhost:4400
  Other reserved ports: 4500

Issues? Report them at https://github.com/firebase/firebase-tools/issues and attach the *-debug.log files.
 
[debug] [2022-05-19T21:10:36.529Z] Functions emulator received unknown request at path /clone-f1
[debug] [2022-05-19T21:10:36.619Z] Functions emulator received unknown request at path /favicon.ico
[debug] [2022-05-19T21:11:26.668Z] File C:\Projects\React\amazone-clone\amazon-clone\functions\index.js changed, reloading triggers {"metadata":{"emulator":{"name":"functions"},"message":"File C:\\Projects\\React\\amazone-clone\\amazon-clone\\functions\\index.js changed, reloading triggers"}}
[debug] [2022-05-19T21:11:27.674Z] Validating nodejs source
[debug] [2022-05-19T21:11:32.942Z] > [functions] package.json contents: {
  "name": "functions",
  "description": "Cloud Functions for Firebase",
  "scripts": {
    "lint": "eslint .",
    "serve": "firebase emulators:start --only functions",
    "shell": "firebase functions:shell",
    "start": "npm run shell",
    "deploy": "firebase deploy --only functions",
    "logs": "firebase functions:log"
  },
  "engines": {
    "node": "16"
  },
  "main": "index.js",
  "dependencies": {
    "cors": "^2.8.5",
    "express": "^4.18.1",
    "firebase-admin": "^10.0.2",
    "firebase-functions": "^3.18.0",
    "stripe": "^9.1.0"
  },
  "devDependencies": {
    "eslint": "^8.9.0",
    "eslint-config-google": "^0.14.0",
    "firebase-functions-test": "^0.2.0"
  },
  "private": true
}
[debug] [2022-05-19T21:11:32.943Z] Building nodejs source
[debug] [2022-05-19T21:11:32.943Z] Analyzing nodejs backend spec
[debug] [2022-05-19T21:11:32.944Z] Functions emulator received unknown request at path /clone-f1
[debug] [2022-05-19T21:11:32.945Z] Could not find functions.yaml. Must use http discovery
[debug] [2022-05-19T21:11:33.544Z] Serving at port 9005

[debug] [2022-05-19T21:11:33.813Z] Got response from /__/functions.yaml {"endpoints":{"api":{"platform":"gcfv1","httpsTrigger":{},"entryPoint":"api"}},"specVersion":"v1alpha1","requiredAPIs":[]}
[debug] [2022-05-19T21:11:33.823Z] shutdown requested via /__/quitquitquit

[debug] [2022-05-19T21:14:50.670Z] File C:\Projects\React\amazone-clone\amazon-clone\functions\index.js changed, reloading triggers {"metadata":{"emulator":{"name":"functions"},"message":"File C:\\Projects\\React\\amazone-clone\\amazon-clone\\functions\\index.js changed, reloading triggers"}}
[debug] [2022-05-19T21:14:51.675Z] Validating nodejs source
[debug] [2022-05-19T21:14:57.503Z] > [functions] package.json contents: {
  "name": "functions",
  "description": "Cloud Functions for Firebase",
  "scripts": {
    "lint": "eslint .",
    "serve": "firebase emulators:start --only functions",
    "shell": "firebase functions:shell",
    "start": "npm run shell",
    "deploy": "firebase deploy --only functions",
    "logs": "firebase functions:log"
  },
  "engines": {
    "node": "16"
  },
  "main": "index.js",
  "dependencies": {
    "cors": "^2.8.5",
    "express": "^4.18.1",
    "firebase-admin": "^10.0.2",
    "firebase-functions": "^3.18.0",
    "stripe": "^9.1.0"
  },
  "devDependencies": {
    "eslint": "^8.9.0",
    "eslint-config-google": "^0.14.0",
    "firebase-functions-test": "^0.2.0"
  },
  "private": true
}
[debug] [2022-05-19T21:14:57.504Z] Building nodejs source
[debug] [2022-05-19T21:14:57.504Z] Analyzing nodejs backend spec
[debug] [2022-05-19T21:14:57.504Z] Could not find functions.yaml. Must use http discovery
[debug] [2022-05-19T21:14:58.004Z] Serving at port 9005

[debug] [2022-05-19T21:14:58.204Z] Got response from /__/functions.yaml {"endpoints":{"api":{"platform":"gcfv1","httpsTrigger":{},"entryPoint":"api"}},"specVersion":"v1alpha1","requiredAPIs":[]}
[debug] [2022-05-19T21:14:58.219Z] shutdown requested via /__/quitquitquit

[debug] [2022-05-19T21:15:42.693Z] File C:\Projects\React\amazone-clone\amazon-clone\functions\index.js changed, reloading triggers {"metadata":{"emulator":{"name":"functions"},"message":"File C:\\Projects\\React\\amazone-clone\\amazon-clone\\functions\\index.js changed, reloading triggers"}}
[debug] [2022-05-19T21:15:43.706Z] Validating nodejs source
[debug] [2022-05-19T21:15:48.294Z] > [functions] package.json contents: {
  "name": "functions",
  "description": "Cloud Functions for Firebase",
  "scripts": {
    "lint": "eslint .",
    "serve": "firebase emulators:start --only functions",
    "shell": "firebase functions:shell",
    "start": "npm run shell",
    "deploy": "firebase deploy --only functions",
    "logs": "firebase functions:log"
  },
  "engines": {
    "node": "16"
  },
  "main": "index.js",
  "dependencies": {
    "cors": "^2.8.5",
    "express": "^4.18.1",
    "firebase-admin": "^10.0.2",
    "firebase-functions": "^3.18.0",
    "stripe": "^9.1.0"
  },
  "devDependencies": {
    "eslint": "^8.9.0",
    "eslint-config-google": "^0.14.0",
    "firebase-functions-test": "^0.2.0"
  },
  "private": true
}
[debug] [2022-05-19T21:15:48.294Z] Building nodejs source
[debug] [2022-05-19T21:15:48.294Z] Analyzing nodejs backend spec
[debug] [2022-05-19T21:15:48.295Z] Could not find functions.yaml. Must use http discovery
[debug] [2022-05-19T21:15:48.314Z] File C:\Projects\React\amazone-clone\amazon-clone\functions\index.js changed, reloading triggers {"metadata":{"emulator":{"name":"functions"},"message":"File C:\\Projects\\React\\amazone-clone\\amazon-clone\\functions\\index.js changed, reloading triggers"}}
[debug] [2022-05-19T21:15:48.835Z] Serving at port 9005

[debug] [2022-05-19T21:15:49.040Z] Got response from /__/functions.yaml {"endpoints":{"api":{"platform":"gcfv1","httpsTrigger":{},"entryPoint":"api"}},"specVersion":"v1alpha1","requiredAPIs":[]}
[debug] [2022-05-19T21:15:49.055Z] shutdown requested via /__/quitquitquit

[debug] [2022-05-19T21:15:49.316Z] Validating nodejs source
[debug] [2022-05-19T21:15:53.768Z] > [functions] package.json contents: {
  "name": "functions",
  "description": "Cloud Functions for Firebase",
  "scripts": {
    "lint": "eslint .",
    "serve": "firebase emulators:start --only functions",
    "shell": "firebase functions:shell",
    "start": "npm run shell",
    "deploy": "firebase deploy --only functions",
    "logs": "firebase functions:log"
  },
  "engines": {
    "node": "16"
  },
  "main": "index.js",
  "dependencies": {
    "cors": "^2.8.5",
    "express": "^4.18.1",
    "firebase-admin": "^10.0.2",
    "firebase-functions": "^3.18.0",
    "stripe": "^9.1.0"
  },
  "devDependencies": {
    "eslint": "^8.9.0",
    "eslint-config-google": "^0.14.0",
    "firebase-functions-test": "^0.2.0"
  },
  "private": true
}
[debug] [2022-05-19T21:15:53.769Z] Building nodejs source
[debug] [2022-05-19T21:15:53.769Z] Analyzing nodejs backend spec
[debug] [2022-05-19T21:15:53.769Z] Could not find functions.yaml. Must use http discovery
[debug] [2022-05-19T21:15:54.233Z] Serving at port 9005

[debug] [2022-05-19T21:15:54.446Z] Got response from /__/functions.yaml {"endpoints":{"api":{"platform":"gcfv1","httpsTrigger":{},"entryPoint":"api"}},"specVersion":"v1alpha1","requiredAPIs":[]}
[debug] [2022-05-19T21:15:54.463Z] shutdown requested via /__/quitquitquit

[debug] [2022-05-19T21:17:27.289Z] File C:\Projects\React\amazone-clone\amazon-clone\functions\index.js changed, reloading triggers {"metadata":{"emulator":{"name":"functions"},"message":"File C:\\Projects\\React\\amazone-clone\\amazon-clone\\functions\\index.js changed, reloading triggers"}}
[debug] [2022-05-19T21:17:28.297Z] Validating nodejs source
[debug] [2022-05-19T21:17:33.840Z] > [functions] package.json contents: {
  "name": "functions",
  "description": "Cloud Functions for Firebase",
  "scripts": {
    "lint": "eslint .",
    "serve": "firebase emulators:start --only functions",
    "shell": "firebase functions:shell",
    "start": "npm run shell",
    "deploy": "firebase deploy --only functions",
    "logs": "firebase functions:log"
  },
  "engines": {
    "node": "16"
  },
  "main": "index.js",
  "dependencies": {
    "cors": "^2.8.5",
    "express": "^4.18.1",
    "firebase-admin": "^10.0.2",
    "firebase-functions": "^3.18.0",
    "stripe": "^9.1.0"
  },
  "devDependencies": {
    "eslint": "^8.9.0",
    "eslint-config-google": "^0.14.0",
    "firebase-functions-test": "^0.2.0"
  },
  "private": true
}
[debug] [2022-05-19T21:17:33.841Z] Building nodejs source
[debug] [2022-05-19T21:17:33.841Z] Analyzing nodejs backend spec
[debug] [2022-05-19T21:17:33.843Z] Functions emulator received unknown request at path /clone-f1
[debug] [2022-05-19T21:17:33.844Z] Could not find functions.yaml. Must use http discovery
[debug] [2022-05-19T21:17:34.317Z] Serving at port 9005

[debug] [2022-05-19T21:17:34.514Z] Got response from /__/functions.yaml {"endpoints":{"api":{"platform":"gcfv1","httpsTrigger":{},"entryPoint":"api"}},"specVersion":"v1alpha1","requiredAPIs":[]}
[debug] [2022-05-19T21:17:34.529Z] shutdown requested via /__/quitquitquit

[debug] [2022-05-19T21:19:27.176Z] File C:\Projects\React\amazone-clone\amazon-clone\functions\index.js changed, reloading triggers {"metadata":{"emulator":{"name":"functions"},"message":"File C:\\Projects\\React\\amazone-clone\\amazon-clone\\functions\\index.js changed, reloading triggers"}}
[debug] [2022-05-19T21:19:28.187Z] Validating nodejs source
[debug] [2022-05-19T21:19:32.864Z] > [functions] package.json contents: {
  "name": "functions",
  "description": "Cloud Functions for Firebase",
  "scripts": {
    "lint": "eslint .",
    "serve": "firebase emulators:start --only functions",
    "shell": "firebase functions:shell",
    "start": "npm run shell",
    "deploy": "firebase deploy --only functions",
    "logs": "firebase functions:log"
  },
  "engines": {
    "node": "16"
  },
  "main": "index.js",
  "dependencies": {
    "cors": "^2.8.5",
    "express": "^4.18.1",
    "firebase-admin": "^10.0.2",
    "firebase-functions": "^3.18.0",
    "stripe": "^9.1.0"
  },
  "devDependencies": {
    "eslint": "^8.9.0",
    "eslint-config-google": "^0.14.0",
    "firebase-functions-test": "^0.2.0"
  },
  "private": true
}
[debug] [2022-05-19T21:19:32.865Z] Building nodejs source
[debug] [2022-05-19T21:19:32.865Z] Analyzing nodejs backend spec
[debug] [2022-05-19T21:19:32.865Z] Could not find functions.yaml. Must use http discovery
[debug] [2022-05-19T21:19:33.456Z] Serving at port 9005

[debug] [2022-05-19T21:19:33.759Z] Got response from /__/functions.yaml {"endpoints":{"api":{"platform":"gcfv1","httpsTrigger":{},"entryPoint":"api"}},"specVersion":"v1alpha1","requiredAPIs":[]}
[debug] [2022-05-19T21:19:33.776Z] shutdown requested via /__/quitquitquit

[debug] [2022-05-19T21:21:53.324Z] ----------------------------------------------------------------------
[debug] [2022-05-19T21:21:53.326Z] Command:       C:\Program Files\nodejs\node.exe C:\Users\Asus\AppData\Roaming\npm\node_modules\firebase-tools\lib\bin\firebase.js emulators:start
[debug] [2022-05-19T21:21:53.327Z] CLI Version:   11.0.0
[debug] [2022-05-19T21:21:53.327Z] Platform:      win32
[debug] [2022-05-19T21:21:53.327Z] Node Version:  v16.14.1
[debug] [2022-05-19T21:21:53.329Z] Time:          Fri May 20 2022 03:21:53 GMT+0600 (Bangladesh Standard Time)
[debug] [2022-05-19T21:21:53.330Z] ----------------------------------------------------------------------
[debug] 
[debug] [2022-05-19T21:21:53.436Z] > command requires scopes: ["email","openid","https://www.googleapis.com/auth/cloudplatformprojects.readonly","https://www.googleapis.com/auth/firebase","https://www.googleapis.com/auth/cloud-platform"]
[debug] [2022-05-19T21:21:53.436Z] > authorizing via signed-in user (jahidaladin@gmail.com)
[info] i  emulators: Starting emulators: functions, hosting {"metadata":{"emulator":{"name":"hub"},"message":"Starting emulators: functions, hosting"}}
[warn] !  emulators: It seems that you are running multiple instances of the emulator suite for project clone-f1832. This may result in unexpected behavior. 
[debug] [2022-05-19T21:21:53.521Z] [hub] writing locator at C:\Users\Asus\AppData\Local\Temp\hub-clone-f1832.json
[warn] !  functions: The following emulators are not running, calls to these services from the Functions emulator will affect production: auth, firestore, database, pubsub, storage {"metadata":{"emulator":{"name":"functions"},"message":"The following emulators are not running, calls to these services from the Functions emulator will affect production: \u001b[1mauth, firestore, database, pubsub, storage\u001b[22m"}}
[info] +  functions: Using node@16 from host. {"metadata":{"emulator":{"name":"functions"},"message":"Using node@16 from host."}}
[debug] [2022-05-19T21:21:53.630Z] defaultcredentials: writing to file C:\Users\Asus\AppData\Roaming\firebase\jahidaladin_gmail_com_application_default_credentials.json
[debug] [2022-05-19T21:21:53.635Z] Setting GAC to C:\Users\Asus\AppData\Roaming\firebase\jahidaladin_gmail_com_application_default_credentials.json {"metadata":{"emulator":{"name":"functions"},"message":"Setting GAC to C:\\Users\\Asus\\AppData\\Roaming\\firebase\\jahidaladin_gmail_com_application_default_credentials.json"}}
[debug] [2022-05-19T21:21:53.641Z] >>> [apiv2][query] GET https://firebase.googleapis.com/v1beta1/projects/clone-f1832/adminSdkConfig [none]
[debug] [2022-05-19T21:21:54.478Z] <<< [apiv2][status] GET https://firebase.googleapis.com/v1beta1/projects/clone-f1832/adminSdkConfig 200
[debug] [2022-05-19T21:21:54.478Z] <<< [apiv2][body] GET https://firebase.googleapis.com/v1beta1/projects/clone-f1832/adminSdkConfig {"projectId":"clone-f1832","databaseURL":"https://clone-f1832-default-rtdb.asia-southeast1.firebasedatabase.app","storageBucket":"clone-f1832.appspot.com"}
[debug] [2022-05-19T21:21:54.498Z] >>> [apiv2][query] GET https://firebasehosting.googleapis.com/v1beta1/projects/clone-f1832/sites 
[debug] [2022-05-19T21:21:56.351Z] <<< [apiv2][status] GET https://firebasehosting.googleapis.com/v1beta1/projects/clone-f1832/sites 200
[debug] [2022-05-19T21:21:56.352Z] <<< [apiv2][body] GET https://firebasehosting.googleapis.com/v1beta1/projects/clone-f1832/sites {"sites":[{"name":"projects/clone-f1832/sites/clone-f1832","defaultUrl":"https://clone-f1832.web.app","appId":"1:239046278022:web:0739b887961036b25f8a07","type":"DEFAULT_SITE"}]}
[debug] [2022-05-19T21:21:56.353Z] >>> [apiv2][query] GET https://firebase.googleapis.com/v1beta1/projects/clone-f1832/webApps/1:239046278022:web:0739b887961036b25f8a07/config [none]
[debug] [2022-05-19T21:21:57.970Z] <<< [apiv2][status] GET https://firebase.googleapis.com/v1beta1/projects/clone-f1832/webApps/1:239046278022:web:0739b887961036b25f8a07/config 200
[debug] [2022-05-19T21:21:57.971Z] <<< [apiv2][body] GET https://firebase.googleapis.com/v1beta1/projects/clone-f1832/webApps/1:239046278022:web:0739b887961036b25f8a07/config {"projectId":"clone-f1832","appId":"1:239046278022:web:0739b887961036b25f8a07","databaseURL":"https://clone-f1832-default-rtdb.asia-southeast1.firebasedatabase.app","storageBucket":"clone-f1832.appspot.com","apiKey":"AIzaSyDr9PPKrLSsL1bs5k-jHjUuCSyqwJD0uFA","authDomain":"clone-f1832.firebaseapp.com","messagingSenderId":"239046278022","measurementId":"G-NDDT2C9D6K"}
[info] i  hosting: Serving hosting files from: build {"metadata":{"emulator":{"name":"hosting"},"message":"Serving hosting files from: \u001b[1mbuild\u001b[22m"}}
[info] +  hosting: Local server: http://localhost:5000 {"metadata":{"emulator":{"name":"hosting"},"message":"Local server: \u001b[4m\u001b[1mhttp://localhost:5000\u001b[22m\u001b[24m"}}
[warn] !  ui: Emulator UI unable to start on port 4000, starting on 4001 instead. {"metadata":{"emulator":{"name":"ui"},"message":"Emulator UI unable to start on port 4000, starting on 4001 instead."}}
[debug] [2022-05-19T21:21:58.100Z] Ignoring unsupported arg: auto_download {"metadata":{"emulator":{"name":"ui"},"message":"Ignoring unsupported arg: auto_download"}}
[debug] [2022-05-19T21:21:58.101Z] Ignoring unsupported arg: port {"metadata":{"emulator":{"name":"ui"},"message":"Ignoring unsupported arg: port"}}
[debug] [2022-05-19T21:21:58.101Z] Starting Emulator UI with command {"binary":"node","args":["--dns-result-order=ipv4first","C:\\Users\\Asus\\.cache\\firebase\\emulators\\ui-v1.7.0\\server.bundle.js"],"optionalArgs":[],"joinArgs":false} {"metadata":{"emulator":{"name":"ui"},"message":"Starting Emulator UI with command {\"binary\":\"node\",\"args\":[\"--dns-result-order=ipv4first\",\"C:\\\\Users\\\\Asus\\\\.cache\\\\firebase\\\\emulators\\\\ui-v1.7.0\\\\server.bundle.js\"],\"optionalArgs\":[],\"joinArgs\":false}"}}
[info] i  ui: Emulator UI logging to ui-debug.log {"metadata":{"emulator":{"name":"ui"},"message":"Emulator UI logging to \u001b[1mui-debug.log\u001b[22m"}}
[debug] [2022-05-19T21:21:58.402Z] Web / API server started at localhost:4001
 {"metadata":{"emulator":{"name":"ui"},"message":"Web / API server started at localhost:4001\n"}}
[info] i  functions: Watching "C:\Projects\React\amazone-clone\amazon-clone\functions" for Cloud Functions... {"metadata":{"emulator":{"name":"functions"},"message":"Watching \"C:\\Projects\\React\\amazone-clone\\amazon-clone\\functions\" for Cloud Functions..."}}
[debug] [2022-05-19T21:21:58.674Z] Validating nodejs source
[debug] [2022-05-19T21:22:03.822Z] > [functions] package.json contents: {
  "name": "functions",
  "description": "Cloud Functions for Firebase",
  "scripts": {
    "lint": "eslint .",
    "serve": "firebase emulators:start --only functions",
    "shell": "firebase functions:shell",
    "start": "npm run shell",
    "deploy": "firebase deploy --only functions",
    "logs": "firebase functions:log"
  },
  "engines": {
    "node": "16"
  },
  "main": "index.js",
  "dependencies": {
    "cors": "^2.8.5",
    "express": "^4.18.1",
    "firebase-admin": "^10.0.2",
    "firebase-functions": "^3.18.0",
    "stripe": "^9.1.0"
  },
  "devDependencies": {
    "eslint": "^8.9.0",
    "eslint-config-google": "^0.14.0",
    "firebase-functions-test": "^0.2.0"
  },
  "private": true
}
[debug] [2022-05-19T21:22:03.822Z] Building nodejs source
[debug] [2022-05-19T21:22:03.822Z] Analyzing nodejs backend spec
[debug] [2022-05-19T21:22:03.824Z] Could not find functions.yaml. Must use http discovery
[debug] [2022-05-19T21:22:04.400Z] Serving at port 9005

[debug] [2022-05-19T21:22:04.687Z] Got response from /__/functions.yaml {"endpoints":{"api":{"platform":"gcfv1","httpsTrigger":{},"entryPoint":"api"}},"specVersion":"v1alpha1","requiredAPIs":[]}
[debug] [2022-05-19T21:22:04.705Z] shutdown requested via /__/quitquitquit

[info] +  functions[us-central1-api]: http function initialized (http://localhost:5001/clone-f1832/us-central1/api). {"metadata":{"emulator":{"name":"functions"},"message":"\u001b[1mhttp\u001b[22m function initialized (http://localhost:5001/clone-f1832/us-central1/api)."}}
[info] 
┌─────────────────────────────────────────────────────────────┐
│ ✔  All emulators ready! It is now safe to connect your app. │
│ i  View Emulator UI at http://localhost:4001                │
└─────────────────────────────────────────────────────────────┘

┌───────────┬────────────────┬─────────────────────────────────┐
│ Emulator  │ Host:Port      │ View in Emulator UI             │
├───────────┼────────────────┼─────────────────────────────────┤
│ Functions │ localhost:5001 │ http://localhost:4001/functions │
├───────────┼────────────────┼─────────────────────────────────┤
│ Hosting   │ localhost:5000 │ n/a                             │
└───────────┴────────────────┴─────────────────────────────────┘
  Emulator Hub running at localhost:4400
  Other reserved ports: 4500

Issues? Report them at https://github.com/firebase/firebase-tools/issues and attach the *-debug.log files.
 
[debug] [2022-05-19T21:24:52.149Z] [work-queue] {"queueLength":1,"workRunningCount":0}
[debug] [2022-05-19T21:24:52.150Z] [work-queue] {"queueLength":0,"workRunningCount":1}
[debug] [2022-05-19T21:24:52.151Z] Accepted request GET /clone-f1832/us-central1/api --> us-central1-api
[debug] [2022-05-19T21:24:52.178Z] [worker-pool] addWorker(us-central1-api) {"metadata":{"emulator":{"name":"functions"},"message":"[worker-pool] addWorker(us-central1-api)"}}
[debug] [2022-05-19T21:24:52.179Z] [worker-pool] Adding worker with key us-central1-api, total=1 {"metadata":{"emulator":{"name":"functions"},"message":"[worker-pool] Adding worker with key us-central1-api, total=1"}}
[debug] [2022-05-19T21:24:52.180Z] [worker-pool] submitWork(triggerId=us-central1-api) {"metadata":{"emulator":{"name":"functions"},"message":"[worker-pool] submitWork(triggerId=us-central1-api)"}}
[debug] [2022-05-19T21:24:52.181Z] [worker-us-central1-api-1ae22b13-906a-48b2-b866-442c14a2879b]: Assigning socketPath: \\?\pipe\C:\Projects\React\amazone-clone\amazon-clone\functions\8108 {"metadata":{"emulator":{"name":"functions"},"message":"[worker-us-central1-api-1ae22b13-906a-48b2-b866-442c14a2879b]: Assigning socketPath: \\\\?\\pipe\\C:\\Projects\\React\\amazone-clone\\amazon-clone\\functions\\8108"}}
[debug] [2022-05-19T21:24:52.182Z] [worker-us-central1-api-1ae22b13-906a-48b2-b866-442c14a2879b]: BUSY {"metadata":{"emulator":{"name":"functions"},"message":"[worker-us-central1-api-1ae22b13-906a-48b2-b866-442c14a2879b]: BUSY"}}
[debug] [2022-05-19T21:24:57.404Z] [runtime-status] [8108] Functions runtime initialized. {"cwd":"C:\\Projects\\React\\amazone-clone\\amazon-clone\\functions","node_version":"16.14.1"} {"metadata":{"emulator":{"name":"functions"},"function":{"name":"us-central1-api"},"extension":{},"message":"[runtime-status] [8108] Functions runtime initialized. {\"cwd\":\"C:\\\\Projects\\\\React\\\\amazone-clone\\\\amazon-clone\\\\functions\",\"node_version\":\"16.14.1\"}"}}
[debug] [2022-05-19T21:24:57.405Z] [runtime-status] [8108] Disabled runtime features: undefined {"metadata":{"emulator":{"name":"functions"},"function":{"name":"us-central1-api"},"extension":{},"message":"[runtime-status] [8108] Disabled runtime features: undefined"}}
[debug] [2022-05-19T21:24:57.413Z] [runtime-status] [8108] Resolved module firebase-admin {"declared":true,"installed":true,"version":"10.2.0","resolution":"C:\\Projects\\React\\amazone-clone\\amazon-clone\\functions\\node_modules\\firebase-admin\\lib\\index.js"} {"metadata":{"emulator":{"name":"functions"},"function":{"name":"us-central1-api"},"extension":{},"message":"[runtime-status] [8108] Resolved module firebase-admin {\"declared\":true,\"installed\":true,\"version\":\"10.2.0\",\"resolution\":\"C:\\\\Projects\\\\React\\\\amazone-clone\\\\amazon-clone\\\\functions\\\\node_modules\\\\firebase-admin\\\\lib\\\\index.js\"}"}}
[debug] [2022-05-19T21:24:57.416Z] [runtime-status] [8108] Resolved module firebase-functions {"declared":true,"installed":true,"version":"3.21.2","resolution":"C:\\Projects\\React\\amazone-clone\\amazon-clone\\functions\\node_modules\\firebase-functions\\lib\\index.js"} {"metadata":{"emulator":{"name":"functions"},"function":{"name":"us-central1-api"},"extension":{},"message":"[runtime-status] [8108] Resolved module firebase-functions {\"declared\":true,\"installed\":true,\"version\":\"3.21.2\",\"resolution\":\"C:\\\\Projects\\\\React\\\\amazone-clone\\\\amazon-clone\\\\functions\\\\node_modules\\\\firebase-functions\\\\lib\\\\index.js\"}"}}
[debug] [2022-05-19T21:24:57.417Z] [runtime-status] [8108] Outgoing network have been stubbed. [{"name":"http","status":"mocked"},{"name":"http","status":"mocked"},{"name":"https","status":"mocked"},{"name":"https","status":"mocked"},{"name":"net","status":"mocked"}] {"metadata":{"emulator":{"name":"functions"},"function":{"name":"us-central1-api"},"extension":{},"message":"[runtime-status] [8108] Outgoing network have been stubbed. [{\"name\":\"http\",\"status\":\"mocked\"},{\"name\":\"http\",\"status\":\"mocked\"},{\"name\":\"https\",\"status\":\"mocked\"},{\"name\":\"https\",\"status\":\"mocked\"},{\"name\":\"net\",\"status\":\"mocked\"}]"}}
[debug] [2022-05-19T21:24:57.419Z] [runtime-status] [8108] Resolved module firebase-functions {"declared":true,"installed":true,"version":"3.21.2","resolution":"C:\\Projects\\React\\amazone-clone\\amazon-clone\\functions\\node_modules\\firebase-functions\\lib\\index.js"} {"metadata":{"emulator":{"name":"functions"},"function":{"name":"us-central1-api"},"extension":{},"message":"[runtime-status] [8108] Resolved module firebase-functions {\"declared\":true,\"installed\":true,\"version\":\"3.21.2\",\"resolution\":\"C:\\\\Projects\\\\React\\\\amazone-clone\\\\amazon-clone\\\\functions\\\\node_modules\\\\firebase-functions\\\\lib\\\\index.js\"}"}}
[debug] [2022-05-19T21:24:57.565Z] [runtime-status] [8108] Checked functions.config() {"config":{}} {"metadata":{"emulator":{"name":"functions"},"function":{"name":"us-central1-api"},"extension":{},"message":"[runtime-status] [8108] Checked functions.config() {\"config\":{}}"}}
[debug] [2022-05-19T21:24:57.565Z] [runtime-status] [8108] firebase-functions has been stubbed. {"functionsResolution":{"declared":true,"installed":true,"version":"3.21.2","resolution":"C:\\Projects\\React\\amazone-clone\\amazon-clone\\functions\\node_modules\\firebase-functions\\lib\\index.js"}} {"metadata":{"emulator":{"name":"functions"},"function":{"name":"us-central1-api"},"extension":{},"message":"[runtime-status] [8108] firebase-functions has been stubbed. {\"functionsResolution\":{\"declared\":true,\"installed\":true,\"version\":\"3.21.2\",\"resolution\":\"C:\\\\Projects\\\\React\\\\amazone-clone\\\\amazon-clone\\\\functions\\\\node_modules\\\\firebase-functions\\\\lib\\\\index.js\"}}"}}
[debug] [2022-05-19T21:24:57.568Z] [runtime-status] [8108] Resolved module firebase-functions {"declared":true,"installed":true,"version":"3.21.2","resolution":"C:\\Projects\\React\\amazone-clone\\amazon-clone\\functions\\node_modules\\firebase-functions\\lib\\index.js"} {"metadata":{"emulator":{"name":"functions"},"function":{"name":"us-central1-api"},"extension":{},"message":"[runtime-status] [8108] Resolved module firebase-functions {\"declared\":true,\"installed\":true,\"version\":\"3.21.2\",\"resolution\":\"C:\\\\Projects\\\\React\\\\amazone-clone\\\\amazon-clone\\\\functions\\\\node_modules\\\\firebase-functions\\\\lib\\\\index.js\"}"}}
[debug] [2022-05-19T21:24:57.572Z] [runtime-status] [8108] Resolved module firebase-admin {"declared":true,"installed":true,"version":"10.2.0","resolution":"C:\\Projects\\React\\amazone-clone\\amazon-clone\\functions\\node_modules\\firebase-admin\\lib\\index.js"} {"metadata":{"emulator":{"name":"functions"},"function":{"name":"us-central1-api"},"extension":{},"message":"[runtime-status] [8108] Resolved module firebase-admin {\"declared\":true,\"installed\":true,\"version\":\"10.2.0\",\"resolution\":\"C:\\\\Projects\\\\React\\\\amazone-clone\\\\amazon-clone\\\\functions\\\\node_modules\\\\firebase-admin\\\\lib\\\\index.js\"}"}}
[debug] [2022-05-19T21:24:57.575Z] [runtime-status] [8108] Resolved module firebase-functions {"declared":true,"installed":true,"version":"3.21.2","resolution":"C:\\Projects\\React\\amazone-clone\\amazon-clone\\functions\\node_modules\\firebase-functions\\lib\\index.js"} {"metadata":{"emulator":{"name":"functions"},"function":{"name":"us-central1-api"},"extension":{},"message":"[runtime-status] [8108] Resolved module firebase-functions {\"declared\":true,\"installed\":true,\"version\":\"3.21.2\",\"resolution\":\"C:\\\\Projects\\\\React\\\\amazone-clone\\\\amazon-clone\\\\functions\\\\node_modules\\\\firebase-functions\\\\lib\\\\index.js\"}"}}
[debug] [2022-05-19T21:24:57.575Z] [runtime-status] [8108] firebase-admin has been stubbed. {"adminResolution":{"declared":true,"installed":true,"version":"10.2.0","resolution":"C:\\Projects\\React\\amazone-clone\\amazon-clone\\functions\\node_modules\\firebase-admin\\lib\\index.js"}} {"metadata":{"emulator":{"name":"functions"},"function":{"name":"us-central1-api"},"extension":{},"message":"[runtime-status] [8108] firebase-admin has been stubbed. {\"adminResolution\":{\"declared\":true,\"installed\":true,\"version\":\"10.2.0\",\"resolution\":\"C:\\\\Projects\\\\React\\\\amazone-clone\\\\amazon-clone\\\\functions\\\\node_modules\\\\firebase-admin\\\\lib\\\\index.js\"}}"}}
[debug] [2022-05-19T21:24:58.118Z] [runtime-status] [8108] Beginning invocation function api! {"metadata":{"emulator":{"name":"functions"},"function":{"name":"us-central1-api"},"extension":{},"message":"[runtime-status] [8108] Beginning invocation function api!"}}
[info] i  functions: Beginning execution of "api" {"metadata":{"emulator":{"name":"functions"},"function":{"name":"us-central1-api"},"extension":{},"message":"Beginning execution of \"api\""}}
[debug] [2022-05-19T21:24:58.121Z] [runtime-status] [8108] Running api in signature http {"metadata":{"emulator":{"name":"functions"},"function":{"name":"us-central1-api"},"extension":{},"message":"[runtime-status] [8108] Running api in signature http"}}
[debug] [2022-05-19T21:24:58.130Z] [runtime-status] [8108] Attempting to listen to socketPath: \\?\pipe\C:\Projects\React\amazone-clone\amazon-clone\functions\8108 {"metadata":{"emulator":{"name":"functions"},"function":{"name":"us-central1-api"},"extension":{},"message":"[runtime-status] [8108] Attempting to listen to socketPath: \\\\?\\pipe\\C:\\Projects\\React\\amazone-clone\\amazon-clone\\functions\\8108"}}
[debug] [2022-05-19T21:24:58.141Z] [functions] Runtime ready! Sending request! {"metadata":{"emulator":{"name":"functions"},"message":"[functions] Runtime ready! Sending request!"}}
[debug] [2022-05-19T21:24:58.144Z] [functions] Got req.url=/clone-f1832/us-central1/api, mapping to path=/ {"metadata":{"emulator":{"name":"functions"},"message":"[functions] Got req.url=/clone-f1832/us-central1/api, mapping to path=/"}}
[debug] [2022-05-19T21:24:58.158Z] [runtime-status] [8108] Ephemeral server handling GET request {"metadata":{"emulator":{"name":"functions"},"function":{"name":"us-central1-api"},"extension":{},"message":"[runtime-status] [8108] Ephemeral server handling GET request"}}
[debug] [2022-05-19T21:24:58.173Z] [runtime-status] [8108] Ephemeral server survived. {"metadata":{"emulator":{"name":"functions"},"function":{"name":"us-central1-api"},"extension":{},"message":"[runtime-status] [8108] Ephemeral server survived."}}
[info] i  functions: Finished "api" in ~1s {"metadata":{"emulator":{"name":"functions"},"function":{"name":"us-central1-api"},"extension":{},"message":"Finished \"api\" in ~1s"}}
[debug] [2022-05-19T21:24:58.186Z] [worker-us-central1-api-1ae22b13-906a-48b2-b866-442c14a2879b]: IDLE {"metadata":{"emulator":{"name":"functions"},"message":"[worker-us-central1-api-1ae22b13-906a-48b2-b866-442c14a2879b]: IDLE"}}
[debug] [2022-05-19T21:24:58.187Z] [work-queue] {"queueLength":0,"workRunningCount":0}
[debug] [2022-05-19T21:25:28.761Z] Received signal SIGHUP 1
